
  __    _   ___  
 / /\  | | | |_) 
/_/--\ |_| |_| \_ v1.62.0, built with Go go1.25.0

watching .
!exclude tmp
building...
running...
2025/08/30 20:47:55 Failed to read config file: Config File "config" Not Found in "[/Users/szjason72/jobfirst/backend/personal/config /Users/szjason72/jobfirst/backend/config /Users/szjason72/jobfirst/config]"
2025/08/30 20:47:55 Successfully connected to database
2025/08/30 20:47:55 Successfully connected to Consul
2025/08/30 20:47:55 Service registered to Consul
[GIN-debug] [WARNING] Creating an Engine instance with the Logger and Recovery middleware already attached.

[GIN-debug] [WARNING] Running in "debug" mode. Switch to "release" mode in production.
 - using env:	export GIN_MODE=release
 - using code:	gin.SetMode(gin.ReleaseMode)

[GIN-debug] GET    /health                   --> main.setupRouter.func1 (4 handlers)
[GIN-debug] GET    /metrics                  --> main.setupRouter.GetMetricsHandler.SecureMetricsHandler.func36 (4 handlers)
[GIN-debug] GET    /v1/.well-known/metrics   --> main.setupRouter.GetMetricsHandler.SecureMetricsHandler.func37 (4 handlers)
[GIN-debug] GET    /v2/api-docs              --> main.setupRouter.func2 (4 handlers)
[GIN-debug] GET    /personal/version         --> main.setupRouter.func3 (4 handlers)
[GIN-debug] POST   /personal/authentication/login --> main.setupRouter.func4 (4 handlers)
[GIN-debug] GET    /personal/authentication/check --> main.setupRouter.func5 (4 handlers)
[GIN-debug] GET    /personal/authentication/getUserPhone --> main.setupRouter.func6 (4 handlers)
[GIN-debug] POST   /personal/authentication/getUserPhone --> main.setupRouter.func7 (4 handlers)
[GIN-debug] GET    /personal/authentication/getUserIdKey --> main.setupRouter.func8 (4 handlers)
[GIN-debug] POST   /personal/authentication/certification --> main.setupRouter.func9 (4 handlers)
[GIN-debug] POST   /personal/authentication/logout --> main.setupRouter.func10 (4 handlers)
[GIN-debug] GET    /personal/authentication/getMyUserIdKey --> main.setupRouter.func11 (4 handlers)
[GIN-debug] POST   /personal/authentication/cancellation --> main.setupRouter.func12 (4 handlers)
[GIN-debug] GET    /personal/mine/info       --> main.setupRouter.func13 (4 handlers)
[GIN-debug] GET    /personal/mine/points     --> main.setupRouter.func14 (4 handlers)
[GIN-debug] GET    /personal/mine/points/bill --> main.setupRouter.func15 (4 handlers)
[GIN-debug] GET    /personal/mine/approve/history --> main.setupRouter.func16 (4 handlers)
[GIN-debug] GET    /personal/mine/view/history --> main.setupRouter.func17 (4 handlers)
[GIN-debug] GET    /personal/mine/certification --> main.setupRouter.func18 (4 handlers)
[GIN-debug] POST   /personal/mine/avatar     --> main.setupRouter.func19 (4 handlers)
[GIN-debug] GET    /personal/approve/list    --> main.setupRouter.func20 (4 handlers)
[GIN-debug] POST   /personal/approve/handle/:approveId --> main.setupRouter.func21 (4 handlers)
[GIN-debug] GET    /personal/chat/usual      --> main.setupRouter.func22 (4 handlers)
[GIN-debug] POST   /personal/chat/chat       --> main.setupRouter.func23 (4 handlers)
[GIN-debug] GET    /personal/home/banners    --> main.setupRouter.func24 (4 handlers)
[GIN-debug] GET    /personal/home/notifications --> main.setupRouter.func25 (4 handlers)
[GIN-debug] GET    /personal/resume/list/summary --> main.setupRouter.func26 (4 handlers)
[GIN-debug] POST   /personal/resume/create   --> main.setupRouter.func27 (4 handlers)
[GIN-debug] POST   /personal/resume/publish/:resumeId --> main.setupRouter.func28 (4 handlers)
[GIN-debug] GET    /personal/resume/detail/:resumeId --> main.setupRouter.func29 (4 handlers)
[GIN-debug] PUT    /personal/resume/update/:resumeId --> main.setupRouter.func30 (4 handlers)
[GIN-debug] GET    /personal/resume/templates --> main.setupRouter.func31 (4 handlers)
[GIN-debug] GET    /personal/resume/permission/:resumeId --> main.setupRouter.func32 (4 handlers)
[GIN-debug] GET    /personal/resume/blacklist/:resumeId --> main.setupRouter.func33 (4 handlers)
[GIN-debug] GET    /personal/resume/preview/:resumeId --> main.setupRouter.func34 (4 handlers)
2025/08/30 20:47:55 Starting personal service on port 6001
[GIN-debug] [WARNING] You trusted all proxies, this is NOT safe. We recommend you to set a value.
Please check https://pkg.go.dev/github.com/gin-gonic/gin#readme-don-t-trust-all-proxies for details.
[GIN-debug] Listening and serving HTTP on :6001
[GIN] 2025/08/30 - 20:47:57 | 200 |     293.209µs |             ::1 | GET      "/health"
[GIN] 2025/08/30 - 20:48:30 | 200 |        66.5µs |             ::1 | GET      "/health"
[GIN] 2025/08/30 - 21:15:11 | 200 |    3.721833ms |             ::1 | GET      "/health"
[GIN] 2025/08/30 - 21:16:02 | 200 |     545.792µs |             ::1 | GET      "/health"
[GIN] 2025/08/30 - 21:17:09 | 200 |     161.333µs |             ::1 | GET      "/health"
