
  __    _   ___  
 / /\  | | | |_) 
/_/--\ |_| |_| \_ v1.62.0, built with Go go1.25.0

watching .
!exclude tmp
building...
running...
2025/08/30 20:47:49 Failed to read config file: Config File "config" Not Found in "[/Users/szjason72/jobfirst/backend/resource/config /Users/szjason72/jobfirst/backend/config /Users/szjason72/jobfirst/config]"
2025/08/30 20:47:49 Successfully connected to database
2025/08/30 20:47:49 Successfully connected to Consul
2025/08/30 20:47:49 Service registered to Consul
[GIN-debug] [WARNING] Creating an Engine instance with the Logger and Recovery middleware already attached.

[GIN-debug] [WARNING] Running in "debug" mode. Switch to "release" mode in production.
 - using env:	export GIN_MODE=release
 - using code:	gin.SetMode(gin.ReleaseMode)

[GIN-debug] GET    /health                   --> main.setupRouter.func1 (4 handlers)
[GIN-debug] GET    /metrics                  --> main.setupRouter.GetMetricsHandler.SecureMetricsHandler.func14 (4 handlers)
[GIN-debug] GET    /v1/.well-known/metrics   --> main.setupRouter.GetMetricsHandler.SecureMetricsHandler.func15 (4 handlers)
[GIN-debug] GET    /v2/api-docs              --> main.setupRouter.func2 (4 handlers)
[GIN-debug] GET    /resource/version         --> main.setupRouter.func3 (4 handlers)
[GIN-debug] POST   /resource/ocr/general     --> main.setupRouter.func4 (4 handlers)
[GIN-debug] GET    /resource/urls            --> main.setupRouter.func5 (4 handlers)
[GIN-debug] GET    /resource/url/:id         --> main.setupRouter.func6 (4 handlers)
[GIN-debug] GET    /resource/dict/type/list  --> main.setupRouter.func7 (4 handlers)
[GIN-debug] GET    /resource/dict/data       --> main.setupRouter.func8 (4 handlers)
[GIN-debug] GET    /resource/dict/search/school --> main.setupRouter.func9 (4 handlers)
[GIN-debug] POST   /resource/upload          --> main.setupRouter.func10 (4 handlers)
[GIN-debug] DELETE /resource/:id             --> main.setupRouter.func11 (4 handlers)
[GIN-debug] PUT    /resource/:id             --> main.setupRouter.func12 (4 handlers)
2025/08/30 20:47:49 Starting resource service on port 9002
[GIN-debug] [WARNING] You trusted all proxies, this is NOT safe. We recommend you to set a value.
Please check https://pkg.go.dev/github.com/gin-gonic/gin#readme-don-t-trust-all-proxies for details.
[GIN-debug] Listening and serving HTTP on :9002
[GIN] 2025/08/30 - 20:47:50 | 200 |         135µs |             ::1 | GET      "/health"
[GIN] 2025/08/30 - 20:48:30 | 200 |     194.917µs |             ::1 | GET      "/health"
[GIN] 2025/08/30 - 21:15:11 | 200 |    3.340958ms |             ::1 | GET      "/health"
[GIN] 2025/08/30 - 21:16:02 | 200 |     313.625µs |             ::1 | GET      "/health"
[GIN] 2025/08/30 - 21:17:09 | 200 |      99.333µs |             ::1 | GET      "/health"
