
  __    _   ___  
 / /\  | | | |_) 
/_/--\ |_| |_| \_ v1.62.0, built with Go go1.25.0

watching .
!exclude tmp
building...
running...
{"level":"info","msg":"Successfully connected to database","time":"2025-08-30T20:47:37+08:00"}
{"level":"info","msg":"Successfully connected to Redis","time":"2025-08-30T20:47:37+08:00"}
{"level":"info","msg":"Successfully connected to Consul","time":"2025-08-30T20:47:37+08:00"}
{"level":"info","msg":"Service registered to Consul","time":"2025-08-30T20:47:37+08:00"}
[GIN-debug] [WARNING] Creating an Engine instance with the Logger and Recovery middleware already attached.

[GIN-debug] [WARNING] Running in "debug" mode. Switch to "release" mode in production.
 - using env:	export GIN_MODE=release
 - using code:	gin.SetMode(gin.ReleaseMode)

[GIN-debug] GET    /health                   --> main.setupRouter.func1 (3 handlers)
[GIN-debug] GET    /metrics                  --> main.setupRouter.GetMetricsHandler.SecureMetricsHandler.func7 (3 handlers)
[GIN-debug] GET    /v1/.well-known/metrics   --> main.setupRouter.GetMetricsHandler.SecureMetricsHandler.func8 (3 handlers)
[GIN-debug] GET    /v2/api-docs              --> main.setupRouter.func2 (3 handlers)
[GIN-debug] GET    /resume/templates         --> main.listTemplates (3 handlers)
[GIN-debug] GET    /resume/banners           --> main.listBanners (3 handlers)
[GIN-debug] GET    /resume/list              --> main.listResumes (4 handlers)
[GIN-debug] GET    /resume/detail/:id        --> main.getResume (4 handlers)
[GIN-debug] POST   /resume/default           --> main.setupRouter.func3 (4 handlers)
[GIN-debug] POST   /resume/create            --> main.createResume (4 handlers)
[GIN-debug] POST   /resume/publish/:id       --> main.publishResume (4 handlers)
[GIN-debug] DELETE /resume/delete/:id        --> main.deleteResume (4 handlers)
[GIN-debug] GET    /resume/info/:id          --> main.getResume (4 handlers)
[GIN-debug] PUT    /resume/update/:id        --> main.updateResume (4 handlers)
[GIN-debug] POST   /resume/upload            --> main.uploadResume (4 handlers)
[GIN-debug] GET    /resume/auth/:id          --> main.getResumeAuth (4 handlers)
[GIN-debug] PUT    /resume/auth/:id          --> main.updateResumeAuth (4 handlers)
[GIN-debug] GET    /resume/blacklist         --> main.getBlacklist (4 handlers)
[GIN-debug] POST   /resume/black/:id         --> main.setBlack (4 handlers)
[GIN-debug] GET    /resume/preview/:id       --> main.previewResume (4 handlers)
[GIN-debug] GET    /api/v1/resume/templates  --> main.listTemplates (3 handlers)
[GIN-debug] GET    /api/v1/resume/banners    --> main.listBanners (3 handlers)
[GIN-debug] GET    /api/v1/resume/list       --> main.listResumes (4 handlers)
[GIN-debug] GET    /api/v1/resume/detail/:id --> main.getResume (4 handlers)
[GIN-debug] POST   /api/v1/resume/default    --> main.setupRouter.func4 (4 handlers)
[GIN-debug] POST   /api/v1/resume/create     --> main.createResume (4 handlers)
[GIN-debug] POST   /api/v1/resume/publish/:id --> main.publishResume (4 handlers)
[GIN-debug] DELETE /api/v1/resume/delete/:id --> main.deleteResume (4 handlers)
[GIN-debug] GET    /api/v1/resume/info/:id   --> main.getResume (4 handlers)
[GIN-debug] PUT    /api/v1/resume/update/:id --> main.updateResume (4 handlers)
[GIN-debug] POST   /api/v1/resume/upload     --> main.uploadResume (4 handlers)
[GIN-debug] GET    /api/v1/resume/auth/:id   --> main.getResumeAuth (4 handlers)
[GIN-debug] PUT    /api/v1/resume/auth/:id   --> main.updateResumeAuth (4 handlers)
[GIN-debug] GET    /api/v1/resume/blacklist  --> main.getBlacklist (4 handlers)
[GIN-debug] POST   /api/v1/resume/black/:id  --> main.setBlack (4 handlers)
[GIN-debug] GET    /api/v1/resume/preview/:id --> main.previewResume (4 handlers)
{"level":"info","msg":"Starting resume service on port 8087","time":"2025-08-30T20:47:37+08:00"}
[GIN-debug] [WARNING] You trusted all proxies, this is NOT safe. We recommend you to set a value.
Please check https://pkg.go.dev/github.com/gin-gonic/gin#readme-don-t-trust-all-proxies for details.
[GIN-debug] Listening and serving HTTP on :8087
[GIN] 2025/08/30 - 20:47:39 | 200 |     137.292µs |             ::1 | GET      "/health"
[GIN] 2025/08/30 - 20:48:30 | 200 |     755.834µs |             ::1 | GET      "/health"
[GIN] 2025/08/30 - 21:15:11 | 200 |    3.079458ms |             ::1 | GET      "/health"
[GIN] 2025/08/30 - 21:16:02 | 200 |      99.833µs |             ::1 | GET      "/health"
[GIN] 2025/08/30 - 21:17:09 | 200 |     589.417µs |             ::1 | GET      "/health"
