
  __    _   ___  
 / /\  | | | |_) 
/_/--\ |_| |_| \_ v1.62.0, built with Go go1.25.0

watching .
!exclude tmp
building...
running...
{"level":"info","msg":"Successfully connected to database","time":"2025-08-30T20:48:17+08:00"}
{"level":"info","msg":"Successfully connected to Consul","time":"2025-08-30T20:48:17+08:00"}
{"level":"info","msg":"Successfully connected to Redis","time":"2025-08-30T20:48:17+08:00"}
{"level":"info","msg":"Service registered to Consul","time":"2025-08-30T20:48:17+08:00"}
[GIN-debug] [WARNING] Creating an Engine instance with the Logger and Recovery middleware already attached.

[GIN-debug] [WARNING] Running in "debug" mode. Switch to "release" mode in production.
 - using env:	export GIN_MODE=release
 - using code:	gin.SetMode(gin.ReleaseMode)

[GIN-debug] GET    /health                   --> main.setupRouter.func1 (4 handlers)
[GIN-debug] GET    /metrics                  --> main.setupRouter.GetMetricsHandler.SecureMetricsHandler.func6 (4 handlers)
[GIN-debug] GET    /v1/.well-known/metrics   --> main.setupRouter.GetMetricsHandler.SecureMetricsHandler.func7 (4 handlers)
[GIN-debug] GET    /v2/api-docs              --> main.setupRouter.func2 (4 handlers)
[GIN-debug] GET    /statistics/overview      --> main.getStatisticsOverview (4 handlers)
[GIN-debug] GET    /statistics/dashboard     --> main.getDashboardStats (4 handlers)
[GIN-debug] GET    /statistics/trends        --> main.getTrendStats (4 handlers)
[GIN-debug] GET    /statistics/users         --> main.getUserStatistics (5 handlers)
[GIN-debug] GET    /statistics/users/active  --> main.getActiveUserStats (5 handlers)
[GIN-debug] GET    /statistics/users/registration --> main.getRegistrationStats (5 handlers)
[GIN-debug] GET    /statistics/resumes       --> main.getResumeStatistics (5 handlers)
[GIN-debug] GET    /statistics/resumes/created --> main.getResumeCreationStats (5 handlers)
[GIN-debug] GET    /statistics/resumes/published --> main.getResumePublishStats (5 handlers)
[GIN-debug] GET    /statistics/jobs          --> main.getJobStatistics (5 handlers)
[GIN-debug] GET    /statistics/jobs/views    --> main.getJobViewStats (5 handlers)
[GIN-debug] GET    /statistics/jobs/applications --> main.getJobApplicationStats (5 handlers)
[GIN-debug] GET    /statistics/enterprises   --> main.getEnterpriseStatistics (5 handlers)
[GIN-debug] GET    /statistics/enterprises/active --> main.getActiveEnterpriseStats (5 handlers)
[GIN-debug] GET    /statistics/system        --> main.getSystemStatistics (5 handlers)
[GIN-debug] GET    /statistics/system/performance --> main.getPerformanceStats (5 handlers)
[GIN-debug] GET    /api/v1/statistics/overview --> main.getStatisticsOverview (4 handlers)
[GIN-debug] GET    /api/v1/statistics/dashboard --> main.getDashboardStats (4 handlers)
[GIN-debug] GET    /api/v1/statistics/trends --> main.getTrendStats (4 handlers)
[GIN-debug] GET    /api/v1/statistics/users  --> main.getUserStatistics (5 handlers)
[GIN-debug] GET    /api/v1/statistics/users/active --> main.getActiveUserStats (5 handlers)
[GIN-debug] GET    /api/v1/statistics/users/registration --> main.getRegistrationStats (5 handlers)
[GIN-debug] GET    /api/v1/statistics/resumes --> main.getResumeStatistics (5 handlers)
[GIN-debug] GET    /api/v1/statistics/resumes/created --> main.getResumeCreationStats (5 handlers)
[GIN-debug] GET    /api/v1/statistics/resumes/published --> main.getResumePublishStats (5 handlers)
[GIN-debug] GET    /api/v1/statistics/jobs   --> main.getJobStatistics (5 handlers)
[GIN-debug] GET    /api/v1/statistics/jobs/views --> main.getJobViewStats (5 handlers)
[GIN-debug] GET    /api/v1/statistics/jobs/applications --> main.getJobApplicationStats (5 handlers)
[GIN-debug] GET    /api/v1/statistics/enterprises --> main.getEnterpriseStatistics (5 handlers)
[GIN-debug] GET    /api/v1/statistics/enterprises/active --> main.getActiveEnterpriseStats (5 handlers)
[GIN-debug] GET    /api/v1/statistics/system --> main.getSystemStatistics (5 handlers)
[GIN-debug] GET    /api/v1/statistics/system/performance --> main.getPerformanceStats (5 handlers)
{"level":"info","msg":"Starting statistics service on port 8097","time":"2025-08-30T20:48:17+08:00"}
[GIN] 2025/08/30 - 20:48:19 | 200 |     216.458µs |             ::1 | GET      "/health"
[GIN] 2025/08/30 - 20:48:30 | 200 |     143.417µs |             ::1 | GET      "/health"
[GIN] 2025/08/30 - 21:15:11 | 200 |    4.715375ms |             ::1 | GET      "/health"
[GIN] 2025/08/30 - 21:16:02 | 200 |      249.25µs |             ::1 | GET      "/health"
[GIN] 2025/08/30 - 21:17:09 | 200 |    2.113583ms |             ::1 | GET      "/health"
